<?xml version="1.0" encoding="UTF-8"?>
<!-- Generated by org.testng.reporters.JUnitReportReporter -->
<testsuite hostname="Gaurav" failures="0" tests="2" name="com.testJAve.AppTest" time="0.021" errors="0" timestamp="2022-08-01T06:43:32 IST" skipped="0">
  <testcase classname="com.testJAve.AppTest" name="testLogin2" time="0.001"/>
  <system-out/>
  <testcase classname="com.testJAve.AppTest" name="testLogin" time="0.020"/>
  <system-out/>
</testsuite> <!-- com.testJAve.AppTest -->
