<?xml version="1.0" encoding="UTF-8"?>
<!-- Generated by org.testng.reporters.JUnitReportReporter -->
<testsuite hostname="Gaurav" failures="0" tests="1" name="testNg_day_1.demo1" time="0.011" errors="0" timestamp="2022-07-25T13:21:33 IST" skipped="0">
  <testcase classname="testNg_day_1.demo1" name="demo5" time="0.011"/>
  <system-out/>
</testsuite> <!-- testNg_day_1.demo1 -->
