<?xml version="1.0" encoding="UTF-8"?>
<!-- Generated by org.testng.reporters.JUnitReportReporter -->
<testsuite hostname="Gaurav" failures="0" tests="2" name="testNg_day_1.day2" time="0.010" errors="0" timestamp="2022-07-26T13:22:36 IST" skipped="0">
  <testcase classname="testNg_day_1.day2" name="plan" time="0.009"/>
  <system-out/>
  <testcase classname="testNg_day_1.day2" name="ploan" time="0.001"/>
  <system-out/>
</testsuite> <!-- testNg_day_1.day2 -->
