<?xml version="1.0" encoding="UTF-8"?>
<!-- Generated by org.testng.reporters.JUnitReportReporter -->
<testsuite hostname="Gaurav" failures="0" tests="2" name="testNg_day_1.demo" time="0.014" errors="0" timestamp="2022-07-25T13:23:58 IST" skipped="1">
  <testcase classname="testNg_day_1.demo" name="opernGoolePage" time="0.014"/>
  <system-out/>
  <testcase classname="testNg_day_1.demo" name="opernGoolePage1">
    <skipped/>
  </testcase> <!-- opernGoolePage1 -->
  <system-out/>
</testsuite> <!-- testNg_day_1.demo -->
