<?xml version="1.0" encoding="UTF-8"?>
<!-- Generated by org.testng.reporters.JUnitReportReporter -->
<testsuite hostname="Gaurav" failures="0" tests="4" name="testNg_day_1.day3" time="0.006" errors="0" timestamp="2022-07-26T13:22:36 IST" skipped="0">
  <testcase classname="testNg_day_1.day3" name="mobilesingoutcarloan" time="0.002"/>
  <system-out/>
  <testcase classname="testNg_day_1.day3" name="ApicarLoan" time="0.001"/>
  <system-out/>
  <testcase classname="testNg_day_1.day3" name="mobilesingincarloan" time="0.002"/>
  <system-out/>
  <testcase classname="testNg_day_1.day3" name="weblogincarloan" time="0.001"/>
  <system-out/>
</testsuite> <!-- testNg_day_1.day3 -->
