<?xml version="1.0" encoding="UTF-8"?>
<!-- Generated by org.testng.reporters.JUnitReportReporter -->
<testsuite hostname="Gaurav" failures="0" tests="3" name="parameters.demo11" time="0.034" errors="0" timestamp="2022-08-01T11:35:51 IST" skipped="0">
  <testcase classname="parameters.demo11" name="TestCase2" time="0.003"/>
  <system-out/>
  <testcase classname="parameters.demo11" name="TestCase3" time="0.011"/>
  <system-out/>
  <testcase classname="parameters.demo11" name="TestCase1" time="0.020"/>
  <system-out/>
</testsuite> <!-- parameters.demo11 -->
