<?xml version="1.0" encoding="UTF-8"?>
<!-- Generated by org.testng.reporters.JUnitReportReporter -->
<testsuite hostname="Gaurav" failures="0" tests="2" name="AllTestCase.First_TestCase" time="11.734" errors="0" timestamp="2022-08-01T13:32:51 IST" skipped="0">
  <testcase classname="AllTestCase.First_TestCase" name="BTTest1" time="5.365"/>
  <system-out/>
  <testcase classname="AllTestCase.First_TestCase" name="BTTest" time="6.369"/>
  <system-out/>
</testsuite> <!-- AllTestCase.First_TestCase -->
