<?xml version="1.0" encoding="UTF-8"?>
<!-- Generated by org.testng.reporters.JUnitReportReporter -->
<testsuite hostname="Gaurav" failures="0" tests="6" name="parameters.demo22" time="0.009" errors="0" timestamp="2022-07-31T12:13:15 IST" skipped="0">
  <testcase classname="parameters.demo22" name="testCase5" time="0.000"/>
  <system-out/>
  <testcase classname="parameters.demo22" name="testCase1" time="0.001"/>
  <system-out/>
  <testcase classname="parameters.demo22" name="testCase3" time="0.002"/>
  <system-out/>
  <testcase classname="parameters.demo22" name="testCase2" time="0.002"/>
  <system-out/>
  <testcase classname="parameters.demo22" name="testCase4" time="0.003"/>
  <system-out/>
  <testcase classname="parameters.demo22" name="testCase6" time="0.001"/>
  <system-out/>
</testsuite> <!-- parameters.demo22 -->
