<?xml version="1.0" encoding="UTF-8"?>
<!-- Generated by org.testng.reporters.JUnitReportReporter -->
<testsuite hostname="Gaurav" failures="0" tests="6" name="Testcase.loginpagetest" time="0.204" errors="0" timestamp="2022-08-07T14:56:24 IST" skipped="0">
  <testcase classname="Testcase.loginpagetest" name="testcase1" time="0.043"/>
  <system-out/>
  <testcase classname="Testcase.loginpagetest" name="testcase2" time="0.029"/>
  <system-out/>
  <testcase classname="Testcase.loginpagetest" name="testcase3" time="0.027"/>
  <system-out/>
  <testcase classname="Testcase.loginpagetest" name="testcase4" time="0.053"/>
  <system-out/>
  <testcase classname="Testcase.loginpagetest" name="testcase6" time="0.027"/>
  <system-out/>
  <testcase classname="Testcase.loginpagetest" name="testcase5" time="0.025"/>
  <system-out/>
</testsuite> <!-- Testcase.loginpagetest -->
