<?xml version="1.0" encoding="UTF-8"?>
<!-- Generated by org.testng.reporters.JUnitReportReporter -->
<testsuite hostname="Gaurav" failures="0" tests="4" name="Testcase.demotestcase1" time="10.230" errors="0" timestamp="2022-08-06T22:53:22 IST" skipped="0">
  <testcase classname="Testcase.demotestcase1" name="testcase1" time="2.731"/>
  <system-out/>
  <testcase classname="Testcase.demotestcase1" name="testcase2" time="4.138"/>
  <system-out/>
  <testcase classname="Testcase.demotestcase1" name="testcase4" time="1.660"/>
  <system-out/>
  <testcase classname="Testcase.demotestcase1" name="testcase3" time="1.701"/>
  <system-out/>
</testsuite> <!-- Testcase.demotestcase1 -->
