<?xml version="1.0" encoding="UTF-8"?>
<!-- Generated by org.testng.reporters.JUnitReportReporter -->
<testsuite hostname="Gaurav" failures="0" tests="1" name="Projects.homepagetest" time="3.749" errors="0" timestamp="2022-08-08T16:02:57 IST" skipped="0">
  <testcase classname="Projects.homepagetest" name="basePageNavigation" time="3.749"/>
  <system-out/>
</testsuite> <!-- Projects.homepagetest -->
