<?xml version="1.0" encoding="UTF-8"?>
<!-- Generated by org.testng.reporters.JUnitReportReporter -->
<testsuite hostname="Gaurav" failures="0" tests="4" name="pageClassTest" time="9.454" errors="0" timestamp="2022-08-07T17:35:48 IST" skipped="0">
  <testcase classname="pageClassTest" name="test1" time="2.142"/>
  <system-out/>
  <testcase classname="pageClassTest" name="test3" time="2.036"/>
  <system-out/>
  <testcase classname="pageClassTest" name="test2" time="3.281"/>
  <system-out/>
  <testcase classname="pageClassTest" name="test4" time="1.995"/>
  <system-out/>
</testsuite> <!-- pageClassTest -->
