<?xml version="1.0" encoding="UTF-8"?>
<!-- Generated by org.testng.reporters.JUnitReportReporter -->
<testsuite hostname="Gaurav" failures="0" tests="1" name="testAllCase.First_Test" time="0.007" errors="0" timestamp="2022-08-01T15:24:53 IST" skipped="0">
  <testcase classname="testAllCase.First_Test" name="BTest" time="0.007"/>
  <system-out/>
</testsuite> <!-- testAllCase.First_Test -->
