<?xml version="1.0" encoding="UTF-8"?>
<!-- Generated by org.testng.reporters.JUnitReportReporter -->
<testsuite hostname="Gaurav" failures="0" tests="2" name="test.Day_1" time="0.008" errors="0" timestamp="2022-07-23T11:10:00 IST" skipped="0">
  <testcase classname="test.Day_1" name="demo" time="0.007"/>
  <system-out/>
  <testcase classname="test.Day_1" name="demo2" time="0.001"/>
  <system-out/>
</testsuite> <!-- test.Day_1 -->
