<?xml version="1.0" encoding="UTF-8"?>
<!-- Generated by org.testng.reporters.JUnitReportReporter -->
<testsuite hostname="Gaurav" failures="0" tests="1" name="test.demo_1_1" time="0.015" errors="0" timestamp="2022-07-23T10:54:55 IST" skipped="0">
  <testcase classname="test.demo_1_1" name="Fifi" time="0.015"/>
  <system-out/>
</testsuite> <!-- test.demo_1_1 -->
