<?xml version="1.0" encoding="UTF-8"?>
<!-- Generated by org.testng.reporters.JUnitReportReporter -->
<testsuite hostname="Gaurav" failures="0" tests="2" name="Day1_.demo_1" time="0.007" errors="0" timestamp="2022-07-24T10:04:26 IST" skipped="0">
  <testcase classname="Day1_.demo_1" name="Secound" time="0.006"/>
  <system-out/>
  <testcase classname="Day1_.demo_1" name="demo" time="0.001"/>
  <system-out/>
</testsuite> <!-- Day1_.demo_1 -->
