<?xml version="1.0" encoding="UTF-8"?>
<!-- Generated by org.testng.reporters.JUnitReportReporter -->
<testsuite hostname="Gaurav" failures="0" tests="5" name="hacked.kitetestCase" time="10.384" errors="0" timestamp="2022-08-06T19:01:22 IST" skipped="0">
  <testcase classname="hacked.kitetestCase" name="testcase3" time="1.856"/>
  <system-out/>
  <testcase classname="hacked.kitetestCase" name="testcase2" time="1.837"/>
  <system-out/>
  <testcase classname="hacked.kitetestCase" name="testcase4" time="1.935"/>
  <system-out/>
  <testcase classname="hacked.kitetestCase" name="testcase5" time="1.883"/>
  <system-out/>
  <testcase classname="hacked.kitetestCase" name="alltestcase" time="2.873"/>
  <system-out/>
</testsuite> <!-- hacked.kitetestCase -->
